{"ts": "2026-02-28T13:08:39", "level": "INFO", "module": "visual_memory.engine.text_recognition.recognizer", "event": "text_recognition", "engine": "easyocr", "text_length": 0, "segment_count": 0, "avg_confidence": 0.0}
{"ts": "2026-02-28T13:08:56", "level": "INFO", "module": "visual_memory.engine.text_recognition.recognizer", "event": "text_recognition", "engine": "easyocr", "text_length": 44, "segment_count": 9, "avg_confidence": 0.8007}
{"ts": "2026-02-28T13:09:12", "level": "INFO", "module": "visual_memory.engine.text_recognition.recognizer", "event": "text_recognition", "engine": "easyocr", "text_length": 47, "segment_count": 9, "avg_confidence": 0.5792}
{"ts": "2026-02-28T13:09:28", "level": "INFO", "module": "visual_memory.engine.text_recognition.recognizer", "event": "text_recognition", "engine": "easyocr", "text_length": 29, "segment_count": 5, "avg_confidence": 0.6872}
{"ts": "2026-02-28T13:09:45", "level": "INFO", "module": "visual_memory.engine.text_recognition.recognizer", "event": "text_recognition", "engine": "easyocr", "text_length": 49, "segment_count": 4, "avg_confidence": 0.8586}
{"ts": "2026-02-28T15:43:44", "level": "INFO", "module": "visual_memory.engine.text_recognition.recognizer", "event": "text_recognition", "engine": "easyocr", "text_length": 1, "segment_count": 1, "avg_confidence": 0.3087}
{"ts": "2026-02-28T15:43:44", "level": "INFO", "module": "visual_memory.engine.embedding.embed_text", "event": "text_embedding", "text_length": 1, "embedding_shape": [1, 384]}
{"ts": "2026-02-28T15:43:44", "level": "INFO", "module": "visual_memory.pipelines.remember_mode.pipeline", "event": "remember_ocr", "label": "small rectangular wallet", "ocr_text_length": 1, "ocr_confidence": 0.3087, "has_text_embedding": true}
{"ts": "2026-02-28T15:48:20", "level": "INFO", "module": "visual_memory.engine.text_recognition.recognizer", "event": "text_recognition", "engine": "easyocr", "text_length": 0, "segment_count": 0, "avg_confidence": 0.0}
{"ts": "2026-02-28T15:50:15", "level": "INFO", "module": "visual_memory.engine.text_recognition.recognizer", "event": "text_recognition", "engine": "easyocr", "text_length": 324, "segment_count": 42, "avg_confidence": 0.8002}
{"ts": "2026-02-28T15:51:24", "level": "INFO", "module": "visual_memory.engine.embedding.embed_text", "event": "text_embedding", "text_length": 324, "embedding_shape": [1, 384]}
{"ts": "2026-02-28T15:56:46", "level": "INFO", "module": "visual_memory.engine.text_recognition.recognizer", "event": "text_recognition", "engine": "easyocr", "text_length": 47, "segment_count": 7, "avg_confidence": 0.7282}
{"ts": "2026-02-28T15:57:51", "level": "INFO", "module": "visual_memory.engine.embedding.embed_text", "event": "text_embedding", "text_length": 47, "embedding_shape": [1, 384]}
{"ts": "2026-02-28T16:00:07", "level": "INFO", "module": "visual_memory.engine.text_recognition.recognizer", "event": "text_recognition", "engine": "easyocr", "text_length": 0, "segment_count": 0, "avg_confidence": 0.0}
{"ts": "2026-02-28T16:00:29", "level": "INFO", "module": "visual_memory.engine.text_recognition.recognizer", "event": "text_recognition", "engine": "easyocr", "text_length": 4, "segment_count": 1, "avg_confidence": 0.3289}
{"ts": "2026-02-28T16:00:31", "level": "INFO", "module": "visual_memory.engine.embedding.embed_text", "event": "text_embedding", "text_length": 4, "embedding_shape": [1, 384]}
{"ts": "2026-02-28T16:00:35", "level": "INFO", "module": "visual_memory.engine.text_recognition.recognizer", "event": "text_recognition", "engine": "easyocr", "text_length": 25, "segment_count": 13, "avg_confidence": 0.6681}
{"ts": "2026-02-28T16:00:35", "level": "INFO", "module": "visual_memory.engine.embedding.embed_text", "event": "text_embedding", "text_length": 25, "embedding_shape": [1, 384]}
{"ts": "2026-02-28T16:00:35", "level": "INFO", "module": "visual_memory.engine.text_recognition.recognizer", "event": "text_recognition", "engine": "easyocr", "text_length": 0, "segment_count": 0, "avg_confidence": 0.0}
{"ts": "2026-02-28T16:00:44", "level": "INFO", "module": "visual_memory.engine.text_recognition.recognizer", "event": "text_recognition", "engine": "easyocr", "text_length": 0, "segment_count": 0, "avg_confidence": 0.0}
{"ts": "2026-02-28T16:00:44", "level": "INFO", "module": "visual_memory.pipelines.scan_mode.pipeline", "event": "scan_text_match", "label": "test1", "similarity": 0.2521, "ocr_text_length": 0}
{"ts": "2026-02-28T16:00:45", "level": "INFO", "module": "visual_memory.engine.text_recognition.recognizer", "event": "text_recognition", "engine": "easyocr", "text_length": 0, "segment_count": 0, "avg_confidence": 0.0}
{"ts": "2026-02-28T16:00:46", "level": "INFO", "module": "visual_memory.engine.text_recognition.recognizer", "event": "text_recognition", "engine": "easyocr", "text_length": 0, "segment_count": 0, "avg_confidence": 0.0}
{"ts": "2026-02-28T16:00:47", "level": "INFO", "module": "visual_memory.engine.text_recognition.recognizer", "event": "text_recognition", "engine": "easyocr", "text_length": 0, "segment_count": 0, "avg_confidence": 0.0}
{"ts": "2026-02-28T16:00:47", "level": "INFO", "module": "visual_memory.pipelines.scan_mode.pipeline", "event": "scan_text_match", "label": "test1", "similarity": 0.2788, "ocr_text_length": 0}
{"ts": "2026-02-28T16:00:48", "level": "INFO", "module": "visual_memory.engine.text_recognition.recognizer", "event": "text_recognition", "engine": "easyocr", "text_length": 0, "segment_count": 0, "avg_confidence": 0.0}
{"ts": "2026-02-28T16:00:48", "level": "INFO", "module": "visual_memory.engine.text_recognition.recognizer", "event": "text_recognition", "engine": "easyocr", "text_length": 0, "segment_count": 0, "avg_confidence": 0.0}
{"ts": "2026-02-28T16:00:49", "level": "INFO", "module": "visual_memory.engine.text_recognition.recognizer", "event": "text_recognition", "engine": "easyocr", "text_length": 0, "segment_count": 0, "avg_confidence": 0.0}
{"ts": "2026-02-28T16:00:49", "level": "INFO", "module": "visual_memory.engine.text_recognition.recognizer", "event": "text_recognition", "engine": "easyocr", "text_length": 0, "segment_count": 0, "avg_confidence": 0.0}
{"ts": "2026-02-28T16:00:50", "level": "INFO", "module": "visual_memory.engine.text_recognition.recognizer", "event": "text_recognition", "engine": "easyocr", "text_length": 0, "segment_count": 0, "avg_confidence": 0.0}
{"ts": "2026-02-28T16:00:50", "level": "INFO", "module": "visual_memory.engine.text_recognition.recognizer", "event": "text_recognition", "engine": "easyocr", "text_length": 0, "segment_count": 0, "avg_confidence": 0.0}
{"ts": "2026-02-28T16:00:51", "level": "INFO", "module": "visual_memory.engine.text_recognition.recognizer", "event": "text_recognition", "engine": "easyocr", "text_length": 0, "segment_count": 0, "avg_confidence": 0.0}
{"ts": "2026-02-28T16:03:53", "level": "INFO", "module": "visual_memory.engine.text_recognition.recognizer", "event": "text_recognition", "engine": "easyocr", "text_length": 45, "segment_count": 8, "avg_confidence": 0.7279}
{"ts": "2026-02-28T16:03:58", "level": "INFO", "module": "visual_memory.engine.embedding.embed_text", "event": "text_embedding", "text_length": 45, "embedding_shape": [1, 384]}
{"ts": "2026-02-28T17:47:22", "level": "INFO", "module": "test_paddle", "event": "test_start", "message": "Initializing PaddleOCR"}
{"ts": "2026-02-28T17:47:25", "level": "INFO", "module": "visual_memory.engine.text_recognition.paddle_recognizer", "event": "paddle_init", "status": "initializing", "message": "Loading PaddleOCRVL model"}
{"ts": "2026-02-28T17:47:35", "level": "INFO", "module": "visual_memory.engine.text_recognition.paddle_recognizer", "event": "paddle_init", "status": "ready", "message": "PaddleOCRVL initialized successfully"}
{"ts": "2026-02-28T17:47:35", "level": "INFO", "module": "test_paddle", "event": "test_init_success", "message": "PaddleOCR initialized"}
{"ts": "2026-02-28T17:48:18", "level": "INFO", "module": "test_paddle_recognize", "event": "test_recognize_start", "image_size": [5712, 4284]}
{"ts": "2026-02-28T17:48:20", "level": "INFO", "module": "visual_memory.engine.text_recognition.paddle_recognizer", "event": "paddle_init", "status": "initializing", "message": "Loading PaddleOCRVL model"}
{"ts": "2026-02-28T17:48:30", "level": "INFO", "module": "visual_memory.engine.text_recognition.paddle_recognizer", "event": "paddle_init", "status": "ready", "message": "PaddleOCRVL initialized successfully"}
{"ts": "2026-02-28T17:48:30", "level": "DEBUG", "module": "visual_memory.engine.text_recognition.paddle_recognizer", "event": "paddle_recognize_start", "image_shape": [4284, 5712, 3], "image_dtype": "uint8", "image_size_mb": 70.01}
{"ts": "2026-02-28T17:48:34", "level": "DEBUG", "module": "visual_memory.engine.text_recognition.paddle_recognizer", "event": "paddle_predict_result", "results_type": "list", "results_length": 1, "results_is_none": false}
{"ts": "2026-02-28T17:48:34", "level": "DEBUG", "module": "visual_memory.engine.text_recognition.paddle_recognizer", "event": "paddle_result_structure", "first_result_type": "PaddleOCRVLResult", "first_result_attrs": ["MARKDOWN_SAVE_KEYS", "__class__", "__class_getitem__", "__contains__", "__delattr__", "__delitem__", "__dict__", "__dir__", "__doc__", "__eq__", "__format__", "__ge__", "__getattribute__", "__getitem__", "__getstate__", "__gt__", "__hash__", "__init__", "__init_subclass__", "__ior__", "__iter__", "__le__", "__len__", "__lt__", "__module__", "__ne__", "__new__", "__or__", "__reduce__", "__reduce_ex__", "__repr__", "__reversed__", "__ror__", "__setattr__", "__setitem__", "__sizeof__", "__str__", "__subclasshook__", "__weakref__", "_deps_", "_get_input_fn", "_html_writer", "_img_writer", "_json_writer", "_markdown_writer", "_rand_fn", "_save_data", "_save_funcs", "_to_html", "_to_img", "_to_json", "_to_markdown", "_to_str", "_to_xlsx", "_xlsx_writer", "clear", "copy", "fromkeys", "get", "html", "img", "items", "json", "keys", "markdown", "pop", "popitem", "print", "save_all", "save_to_html", "save_to_img", "save_to_json", "save_to_markdown", "save_to_xlsx", "setdefault", "skip_order_labels", "str", "update", "values", "xlsx"], "has_text_attr": false, "has_confidence_attr": false, "has_str_method": true, "result_str": "{'input_path': None, 'page_index': None, 'page_count': None, 'width': 5712, 'height': 4284, 'doc_preprocessor_res': {'output_img': array([[[97, ..., 67],\n        ...,\n        [ 6, ...,  6]],\n\n       ."}
{"ts": "2026-02-28T17:48:34", "level": "DEBUG", "module": "visual_memory.engine.text_recognition.paddle_recognizer", "event": "paddle_extract_strategy", "strategy": "dict_access", "segment_index": 0, "text": null, "confidence": null}
{"ts": "2026-02-28T17:48:34", "level": "DEBUG", "module": "visual_memory.engine.text_recognition.paddle_recognizer", "event": "paddle_extraction_complete", "segments_count": 0, "segments_sample": []}
{"ts": "2026-02-28T17:48:34", "level": "INFO", "module": "visual_memory.engine.text_recognition.paddle_recognizer", "event": "text_recognition", "engine": "paddle", "status": "no_segments", "text_length": 0, "segment_count": 0, "avg_confidence": 0.0}
{"ts": "2026-02-28T17:48:34", "level": "INFO", "module": "test_paddle_recognize", "event": "test_recognize_complete", "result_text_len": 0, "segments": 0}
{"ts": "2026-02-28T17:50:05", "level": "INFO", "module": "visual_memory.engine.text_recognition.paddle_recognizer", "event": "paddle_init", "status": "initializing", "message": "Loading PaddleOCRVL model"}
{"ts": "2026-02-28T17:50:15", "level": "INFO", "module": "visual_memory.engine.text_recognition.paddle_recognizer", "event": "paddle_init", "status": "ready", "message": "PaddleOCRVL initialized successfully"}
{"ts": "2026-02-28T17:52:40", "level": "INFO", "module": "visual_memory.engine.text_recognition.paddle_recognizer", "event": "paddle_init", "status": "initializing", "message": "Loading PaddleOCRVL model"}
{"ts": "2026-02-28T17:52:50", "level": "INFO", "module": "visual_memory.engine.text_recognition.paddle_recognizer", "event": "paddle_init", "status": "ready", "message": "PaddleOCRVL initialized successfully"}
{"ts": "2026-02-28T17:52:52", "level": "DEBUG", "module": "visual_memory.engine.text_recognition.paddle_recognizer", "event": "paddle_recognize_start", "image_size": [5712, 4284], "temp_file": "/var/folders/cq/pxj2xz5x0jq8c37z458xcfmw0000gn/T/tmpcsbqsha8.png"}
{"ts": "2026-02-28T17:52:55", "level": "DEBUG", "module": "visual_memory.engine.text_recognition.paddle_recognizer", "event": "paddle_predict_result", "results_type": "list", "results_length": 1, "results_is_none": false}
{"ts": "2026-02-28T17:52:55", "level": "DEBUG", "module": "visual_memory.engine.text_recognition.paddle_recognizer", "event": "paddle_result_structure", "result_index": 0, "result_type": "PaddleOCRVLResult", "has_print_method": true, "has_save_to_json": true}
{"ts": "2026-02-28T17:52:55", "level": "DEBUG", "module": "visual_memory.engine.text_recognition.paddle_recognizer", "event": "paddle_json_export", "result_index": 0, "json_keys": ["input_path", "page_index", "page_count", "width", "height", "model_settings", "parsing_res_list", "layout_det_res"]}
{"ts": "2026-02-28T17:52:55", "level": "DEBUG", "module": "visual_memory.engine.text_recognition.paddle_recognizer", "event": "paddle_extraction_complete", "segments_count": 0, "segments_sample": []}
{"ts": "2026-02-28T17:52:55", "level": "INFO", "module": "visual_memory.engine.text_recognition.paddle_recognizer", "event": "text_recognition", "engine": "paddle", "status": "no_segments", "text_length": 0, "segment_count": 0, "avg_confidence": 0.0}
{"ts": "2026-02-28T17:53:25", "level": "INFO", "module": "visual_memory.engine.text_recognition.paddle_recognizer", "event": "paddle_init", "status": "initializing", "message": "Loading PaddleOCRVL model"}
{"ts": "2026-02-28T17:53:35", "level": "INFO", "module": "visual_memory.engine.text_recognition.paddle_recognizer", "event": "paddle_init", "status": "ready", "message": "PaddleOCRVL initialized successfully"}
{"ts": "2026-02-28T17:54:33", "level": "INFO", "module": "visual_memory.engine.text_recognition.paddle_recognizer", "event": "paddle_init", "status": "initializing", "message": "Loading PaddleOCRVL model"}
{"ts": "2026-02-28T17:54:43", "level": "INFO", "module": "visual_memory.engine.text_recognition.paddle_recognizer", "event": "paddle_init", "status": "ready", "message": "PaddleOCRVL initialized successfully"}
{"ts": "2026-02-28T17:55:16", "level": "INFO", "module": "visual_memory.engine.text_recognition.paddle_recognizer", "event": "paddle_init", "status": "initializing", "message": "Loading PaddleOCRVL model"}
{"ts": "2026-02-28T17:55:26", "level": "INFO", "module": "visual_memory.engine.text_recognition.paddle_recognizer", "event": "paddle_init", "status": "ready", "message": "PaddleOCRVL initialized successfully"}
{"ts": "2026-02-28T18:15:52", "level": "INFO", "module": "visual_memory.engine.text_recognition.paddle_recognizer", "event": "paddle_init", "status": "initializing", "message": "Loading PaddleOCRVL model"}
{"ts": "2026-02-28T18:16:03", "level": "INFO", "module": "visual_memory.engine.text_recognition.paddle_recognizer", "event": "paddle_init", "status": "ready", "message": "PaddleOCRVL initialized successfully"}
{"ts": "2026-02-28T18:26:18", "level": "DEBUG", "module": "visual_memory.engine.text_recognition.paddle_recognizer", "event": "paddle_recognize_start", "image_size": [863, 913], "temp_file": "/var/folders/cq/pxj2xz5x0jq8c37z458xcfmw0000gn/T/tmpuub67n2k.png"}
{"ts": "2026-02-28T18:26:23", "level": "DEBUG", "module": "visual_memory.engine.text_recognition.paddle_recognizer", "event": "paddle_predict_result", "results_type": "list", "results_length": 1, "results_is_none": false}
{"ts": "2026-02-28T18:26:23", "level": "DEBUG", "module": "visual_memory.engine.text_recognition.paddle_recognizer", "event": "paddle_result_structure", "result_index": 0, "result_type": "PaddleOCRVLResult", "has_print_method": true, "has_save_to_json": true}
{"ts": "2026-02-28T18:26:23", "level": "DEBUG", "module": "visual_memory.engine.text_recognition.paddle_recognizer", "event": "paddle_json_export", "result_index": 0, "json_keys": ["input_path", "page_index", "page_count", "width", "height", "model_settings", "parsing_res_list", "layout_det_res"]}
{"ts": "2026-02-28T18:26:23", "level": "DEBUG", "module": "visual_memory.engine.text_recognition.paddle_recognizer", "event": "paddle_extraction_complete", "segments_count": 0, "segments_sample": []}
{"ts": "2026-02-28T18:26:23", "level": "INFO", "module": "visual_memory.engine.text_recognition.paddle_recognizer", "event": "text_recognition", "engine": "paddle", "status": "no_segments", "text_length": 0, "segment_count": 0, "avg_confidence": 0.0}
{"ts": "2026-02-28T18:26:23", "level": "INFO", "module": "visual_memory.pipelines.remember_mode.pipeline", "event": "remember_ocr", "label": "small rectangular wallet", "ocr_text_length": 0, "ocr_confidence": 0.0, "has_text_embedding": false}
{"ts": "2026-02-28T18:27:12", "level": "INFO", "module": "visual_memory.engine.text_recognition.paddle_recognizer", "event": "paddle_init", "status": "initializing", "message": "Loading PaddleOCRVL model"}
{"ts": "2026-02-28T18:28:49", "level": "INFO", "module": "visual_memory.engine.text_recognition.paddle_recognizer", "event": "paddle_init", "status": "ready", "message": "PaddleOCRVL initialized successfully"}
{"ts": "2026-02-28T18:31:41", "level": "INFO", "module": "visual_memory.engine.text_recognition.paddle_recognizer", "event": "paddle_init", "status": "initializing", "message": "Loading PaddleOCRVL model"}
{"ts": "2026-02-28T18:31:51", "level": "INFO", "module": "visual_memory.engine.text_recognition.paddle_recognizer", "event": "paddle_init", "status": "ready", "message": "PaddleOCRVL initialized successfully"}
{"ts": "2026-02-28T18:31:53", "level": "DEBUG", "module": "visual_memory.engine.text_recognition.paddle_recognizer", "event": "paddle_recognize_start", "image_size": [4284, 5712], "temp_file": "/var/folders/cq/pxj2xz5x0jq8c37z458xcfmw0000gn/T/tmpropbm5p3.png"}
{"ts": "2026-02-28T18:32:35", "level": "DEBUG", "module": "visual_memory.engine.text_recognition.paddle_recognizer", "event": "paddle_predict_result", "results_type": "list", "results_length": 1, "results_is_none": false}
{"ts": "2026-02-28T18:32:35", "level": "DEBUG", "module": "visual_memory.engine.text_recognition.paddle_recognizer", "event": "paddle_result_structure", "result_index": 0, "result_type": "PaddleOCRVLResult", "has_print_method": true, "has_save_to_json": true}
{"ts": "2026-02-28T18:32:35", "level": "DEBUG", "module": "visual_memory.engine.text_recognition.paddle_recognizer", "event": "paddle_json_export", "result_index": 0, "json_keys": ["input_path", "page_index", "page_count", "width", "height", "model_settings", "parsing_res_list", "layout_det_res"]}
{"ts": "2026-02-28T18:32:35", "level": "DEBUG", "module": "visual_memory.engine.text_recognition.paddle_recognizer", "event": "paddle_text_extracted", "result_index": 0, "text_length": 141, "text_preview": "INNATE VITALITY\nMagnesium\nGlycinate 500mg Advanced Mineral Co\nChilled for High Absorption High Quali"}
{"ts": "2026-02-28T18:32:35", "level": "DEBUG", "module": "visual_memory.engine.text_recognition.paddle_recognizer", "event": "paddle_extraction_complete", "segments_count": 1, "segments_sample": [{"text": "INNATE VITALITY\nMagnesium\nGlycinate 500mg Advanced", "conf": 1.0}]}
{"ts": "2026-02-28T18:32:35", "level": "INFO", "module": "visual_memory.engine.text_recognition.paddle_recognizer", "event": "text_recognition", "engine": "paddle", "status": "success", "text_length": 141, "segment_count": 1, "avg_confidence": 1.0}
{"ts": "2026-02-28T18:33:16", "level": "INFO", "module": "visual_memory.engine.embedding.embed_text", "event": "text_embedding", "text_length": 141, "embedding_shape": [1, 384]}
{"ts": "2026-02-28T18:44:17", "level": "INFO", "module": "visual_memory.engine.text_recognition.paddle_recognizer", "event": "paddle_init", "status": "initializing", "message": "Loading PaddleOCRVL model"}
{"ts": "2026-02-28T18:44:29", "level": "INFO", "module": "visual_memory.engine.text_recognition.paddle_recognizer", "event": "paddle_init", "status": "ready", "message": "PaddleOCRVL initialized successfully"}
{"ts": "2026-02-28T18:57:13", "level": "DEBUG", "module": "visual_memory.engine.text_recognition.paddle_recognizer", "event": "paddle_recognize_start", "image_size": [863, 913], "temp_file": "/var/folders/cq/pxj2xz5x0jq8c37z458xcfmw0000gn/T/tmpxdou0yp9.png"}
{"ts": "2026-02-28T18:57:18", "level": "DEBUG", "module": "visual_memory.engine.text_recognition.paddle_recognizer", "event": "paddle_predict_result", "results_type": "list", "results_length": 1, "results_is_none": false}
{"ts": "2026-02-28T18:57:18", "level": "DEBUG", "module": "visual_memory.engine.text_recognition.paddle_recognizer", "event": "paddle_result_structure", "result_index": 0, "result_type": "PaddleOCRVLResult", "has_print_method": true, "has_save_to_json": true}
{"ts": "2026-02-28T18:57:18", "level": "DEBUG", "module": "visual_memory.engine.text_recognition.paddle_recognizer", "event": "paddle_json_export", "result_index": 0, "json_keys": ["input_path", "page_index", "page_count", "width", "height", "model_settings", "parsing_res_list", "layout_det_res"]}
{"ts": "2026-02-28T18:57:18", "level": "DEBUG", "module": "visual_memory.engine.text_recognition.paddle_recognizer", "event": "paddle_extraction_complete", "segments_count": 0, "segments_sample": []}
{"ts": "2026-02-28T18:57:18", "level": "INFO", "module": "visual_memory.engine.text_recognition.paddle_recognizer", "event": "text_recognition", "engine": "paddle", "status": "no_segments", "text_length": 0, "segment_count": 0, "avg_confidence": 0.0}
{"ts": "2026-02-28T18:57:18", "level": "INFO", "module": "visual_memory.pipelines.remember_mode.pipeline", "event": "remember_ocr", "label": "small rectangular wallet", "ocr_text_length": 0, "ocr_confidence": 0.0, "has_text_embedding": false}
{"ts": "2026-02-28T18:58:02", "level": "INFO", "module": "visual_memory.engine.text_recognition.paddle_recognizer", "event": "paddle_init", "status": "initializing", "message": "Loading PaddleOCRVL model"}
{"ts": "2026-02-28T18:59:28", "level": "INFO", "module": "visual_memory.engine.text_recognition.paddle_recognizer", "event": "paddle_init", "status": "ready", "message": "PaddleOCRVL initialized successfully"}
{"ts": "2026-02-28T19:02:58", "level": "DEBUG", "module": "visual_memory.engine.text_recognition.paddle_recognizer", "event": "paddle_recognize_start", "image_size": [996, 711], "temp_file": "/var/folders/cq/pxj2xz5x0jq8c37z458xcfmw0000gn/T/tmpukaftcki.png"}
{"ts": "2026-02-28T19:03:05", "level": "DEBUG", "module": "visual_memory.engine.text_recognition.paddle_recognizer", "event": "paddle_predict_result", "results_type": "list", "results_length": 1, "results_is_none": false}
{"ts": "2026-02-28T19:03:05", "level": "DEBUG", "module": "visual_memory.engine.text_recognition.paddle_recognizer", "event": "paddle_result_structure", "result_index": 0, "result_type": "PaddleOCRVLResult", "has_print_method": true, "has_save_to_json": true}
{"ts": "2026-02-28T19:03:05", "level": "DEBUG", "module": "visual_memory.engine.text_recognition.paddle_recognizer", "event": "paddle_json_export", "result_index": 0, "json_keys": ["input_path", "page_index", "page_count", "width", "height", "model_settings", "parsing_res_list", "layout_det_res"]}
{"ts": "2026-02-28T19:03:05", "level": "DEBUG", "module": "visual_memory.engine.text_recognition.paddle_recognizer", "event": "paddle_extraction_complete", "segments_count": 0, "segments_sample": []}
{"ts": "2026-02-28T19:03:05", "level": "INFO", "module": "visual_memory.engine.text_recognition.paddle_recognizer", "event": "text_recognition", "engine": "paddle", "status": "no_segments", "text_length": 0, "segment_count": 0, "avg_confidence": 0.0}
{"ts": "2026-02-28T19:03:44", "level": "DEBUG", "module": "visual_memory.engine.text_recognition.paddle_recognizer", "event": "paddle_recognize_start", "image_size": [1813, 2181], "temp_file": "/var/folders/cq/pxj2xz5x0jq8c37z458xcfmw0000gn/T/tmpael80_17.png"}
{"ts": "2026-02-28T19:04:28", "level": "DEBUG", "module": "visual_memory.engine.text_recognition.paddle_recognizer", "event": "paddle_predict_result", "results_type": "list", "results_length": 1, "results_is_none": false}
{"ts": "2026-02-28T19:04:28", "level": "DEBUG", "module": "visual_memory.engine.text_recognition.paddle_recognizer", "event": "paddle_result_structure", "result_index": 0, "result_type": "PaddleOCRVLResult", "has_print_method": true, "has_save_to_json": true}
{"ts": "2026-02-28T19:04:28", "level": "DEBUG", "module": "visual_memory.engine.text_recognition.paddle_recognizer", "event": "paddle_json_export", "result_index": 0, "json_keys": ["input_path", "page_index", "page_count", "width", "height", "model_settings", "parsing_res_list", "layout_det_res"]}
{"ts": "2026-02-28T19:04:28", "level": "DEBUG", "module": "visual_memory.engine.text_recognition.paddle_recognizer", "event": "paddle_text_extracted", "result_index": 0, "text_length": 355, "text_preview": "Electronics\nDuster Quickly removes lint & dust Straw attachment for hard-to-reach places Safe for us"}
{"ts": "2026-02-28T19:04:28", "level": "DEBUG", "module": "visual_memory.engine.text_recognition.paddle_recognizer", "event": "paddle_extraction_complete", "segments_count": 1, "segments_sample": [{"text": "Electronics\nDuster Quickly removes lint & dust Str", "conf": 1.0}]}
{"ts": "2026-02-28T19:04:28", "level": "INFO", "module": "visual_memory.engine.text_recognition.paddle_recognizer", "event": "text_recognition", "engine": "paddle", "status": "success", "text_length": 355, "segment_count": 1, "avg_confidence": 1.0}
{"ts": "2026-02-28T19:05:10", "level": "INFO", "module": "visual_memory.engine.embedding.embed_text", "event": "text_embedding", "text_length": 355, "embedding_shape": [1, 384]}
{"ts": "2026-02-28T19:05:34", "level": "DEBUG", "module": "visual_memory.engine.text_recognition.paddle_recognizer", "event": "paddle_recognize_start", "image_size": [1117, 2925], "temp_file": "/var/folders/cq/pxj2xz5x0jq8c37z458xcfmw0000gn/T/tmpzwca4w14.png"}
{"ts": "2026-02-28T19:06:21", "level": "DEBUG", "module": "visual_memory.engine.text_recognition.paddle_recognizer", "event": "paddle_predict_result", "results_type": "list", "results_length": 1, "results_is_none": false}
{"ts": "2026-02-28T19:06:21", "level": "DEBUG", "module": "visual_memory.engine.text_recognition.paddle_recognizer", "event": "paddle_result_structure", "result_index": 0, "result_type": "PaddleOCRVLResult", "has_print_method": true, "has_save_to_json": true}
{"ts": "2026-02-28T19:06:21", "level": "DEBUG", "module": "visual_memory.engine.text_recognition.paddle_recognizer", "event": "paddle_json_export", "result_index": 0, "json_keys": ["input_path", "page_index", "page_count", "width", "height", "model_settings", "parsing_res_list", "layout_det_res"]}
{"ts": "2026-02-28T19:06:21", "level": "DEBUG", "module": "visual_memory.engine.text_recognition.paddle_recognizer", "event": "paddle_text_extracted", "result_index": 0, "text_length": 146, "text_preview": "NATURAL BALANCE REWARDS minis Soft & Meaty Great for Training WITH\nREAL\nCHICKEN TREATS FOR DOGS I G\u00c2"}
{"ts": "2026-02-28T19:06:21", "level": "DEBUG", "module": "visual_memory.engine.text_recognition.paddle_recognizer", "event": "paddle_extraction_complete", "segments_count": 1, "segments_sample": [{"text": "NATURAL BALANCE REWARDS minis Soft & Meaty Great f", "conf": 1.0}]}
{"ts": "2026-02-28T19:06:21", "level": "INFO", "module": "visual_memory.engine.text_recognition.paddle_recognizer", "event": "text_recognition", "engine": "paddle", "status": "success", "text_length": 146, "segment_count": 1, "avg_confidence": 1.0}
{"ts": "2026-02-28T19:06:52", "level": "INFO", "module": "visual_memory.engine.embedding.embed_text", "event": "text_embedding", "text_length": 146, "embedding_shape": [1, 384]}
{"ts": "2026-02-28T19:07:14", "level": "DEBUG", "module": "visual_memory.engine.text_recognition.paddle_recognizer", "event": "paddle_recognize_start", "image_size": [1424, 3727], "temp_file": "/var/folders/cq/pxj2xz5x0jq8c37z458xcfmw0000gn/T/tmplym5hts8.png"}
{"ts": "2026-02-28T19:07:17", "level": "DEBUG", "module": "visual_memory.engine.text_recognition.paddle_recognizer", "event": "paddle_predict_result", "results_type": "list", "results_length": 1, "results_is_none": false}
{"ts": "2026-02-28T19:07:17", "level": "DEBUG", "module": "visual_memory.engine.text_recognition.paddle_recognizer", "event": "paddle_result_structure", "result_index": 0, "result_type": "PaddleOCRVLResult", "has_print_method": true, "has_save_to_json": true}
{"ts": "2026-02-28T19:07:17", "level": "DEBUG", "module": "visual_memory.engine.text_recognition.paddle_recognizer", "event": "paddle_json_export", "result_index": 0, "json_keys": ["input_path", "page_index", "page_count", "width", "height", "model_settings", "parsing_res_list", "layout_det_res"]}
{"ts": "2026-02-28T19:07:17", "level": "DEBUG", "module": "visual_memory.engine.text_recognition.paddle_recognizer", "event": "paddle_extraction_complete", "segments_count": 0, "segments_sample": []}
{"ts": "2026-02-28T19:07:17", "level": "INFO", "module": "visual_memory.engine.text_recognition.paddle_recognizer", "event": "text_recognition", "engine": "paddle", "status": "no_segments", "text_length": 0, "segment_count": 0, "avg_confidence": 0.0}
{"ts": "2026-02-28T19:07:41", "level": "DEBUG", "module": "visual_memory.engine.text_recognition.paddle_recognizer", "event": "paddle_recognize_start", "image_size": [2236, 2228], "temp_file": "/var/folders/cq/pxj2xz5x0jq8c37z458xcfmw0000gn/T/tmp7ch2rub4.png"}
{"ts": "2026-02-28T19:17:10", "level": "DEBUG", "module": "visual_memory.engine.text_recognition.paddle_recognizer", "event": "paddle_predict_result", "results_type": "list", "results_length": 1, "results_is_none": false}
{"ts": "2026-02-28T19:17:11", "level": "DEBUG", "module": "visual_memory.engine.text_recognition.paddle_recognizer", "event": "paddle_result_structure", "result_index": 0, "result_type": "PaddleOCRVLResult", "has_print_method": true, "has_save_to_json": true}
{"ts": "2026-02-28T19:17:11", "level": "DEBUG", "module": "visual_memory.engine.text_recognition.paddle_recognizer", "event": "paddle_json_export", "result_index": 0, "json_keys": ["input_path", "page_index", "page_count", "width", "height", "model_settings", "parsing_res_list", "layout_det_res"]}
{"ts": "2026-02-28T19:17:11", "level": "DEBUG", "module": "visual_memory.engine.text_recognition.paddle_recognizer", "event": "paddle_text_extracted", "result_index": 0, "text_length": 10, "text_preview": "Denn\nCOACH"}
{"ts": "2026-02-28T19:17:11", "level": "DEBUG", "module": "visual_memory.engine.text_recognition.paddle_recognizer", "event": "paddle_extraction_complete", "segments_count": 1, "segments_sample": [{"text": "Denn\nCOACH", "conf": 1.0}]}
{"ts": "2026-02-28T19:17:11", "level": "INFO", "module": "visual_memory.engine.text_recognition.paddle_recognizer", "event": "text_recognition", "engine": "paddle", "status": "success", "text_length": 10, "segment_count": 1, "avg_confidence": 1.0}
{"ts": "2026-02-28T19:17:49", "level": "INFO", "module": "visual_memory.engine.embedding.embed_text", "event": "text_embedding", "text_length": 10, "embedding_shape": [1, 384]}
{"ts": "2026-02-28T19:18:10", "level": "DEBUG", "module": "visual_memory.engine.text_recognition.paddle_recognizer", "event": "paddle_recognize_start", "image_size": [1561, 768], "temp_file": "/var/folders/cq/pxj2xz5x0jq8c37z458xcfmw0000gn/T/tmpp61pvnpd.png"}
{"ts": "2026-02-28T19:18:29", "level": "DEBUG", "module": "visual_memory.engine.text_recognition.paddle_recognizer", "event": "paddle_predict_result", "results_type": "list", "results_length": 1, "results_is_none": false}
{"ts": "2026-02-28T19:18:29", "level": "DEBUG", "module": "visual_memory.engine.text_recognition.paddle_recognizer", "event": "paddle_result_structure", "result_index": 0, "result_type": "PaddleOCRVLResult", "has_print_method": true, "has_save_to_json": true}
{"ts": "2026-02-28T19:18:29", "level": "DEBUG", "module": "visual_memory.engine.text_recognition.paddle_recognizer", "event": "paddle_json_export", "result_index": 0, "json_keys": ["input_path", "page_index", "page_count", "width", "height", "model_settings", "parsing_res_list", "layout_det_res"]}
{"ts": "2026-02-28T19:18:29", "level": "DEBUG", "module": "visual_memory.engine.text_recognition.paddle_recognizer", "event": "paddle_text_extracted", "result_index": 0, "text_length": 118, "text_preview": "NOT FOR \"REAL ID\" PURPOSES 08-13-2008 08-14-2025 08-13-2029 LOVE AVE\nL.PARK, JUL 22, 1966-1922\n100: "}
{"ts": "2026-02-28T19:18:29", "level": "DEBUG", "module": "visual_memory.engine.text_recognition.paddle_recognizer", "event": "paddle_extraction_complete", "segments_count": 1, "segments_sample": [{"text": "NOT FOR \"REAL ID\" PURPOSES 08-13-2008 08-14-2025 0", "conf": 1.0}]}
{"ts": "2026-02-28T19:18:29", "level": "INFO", "module": "visual_memory.engine.text_recognition.paddle_recognizer", "event": "text_recognition", "engine": "paddle", "status": "success", "text_length": 118, "segment_count": 1, "avg_confidence": 1.0}
{"ts": "2026-02-28T19:19:01", "level": "INFO", "module": "visual_memory.engine.embedding.embed_text", "event": "text_embedding", "text_length": 118, "embedding_shape": [1, 384]}
{"ts": "2026-02-28T19:19:24", "level": "DEBUG", "module": "visual_memory.engine.text_recognition.paddle_recognizer", "event": "paddle_recognize_start", "image_size": [500, 273], "temp_file": "/var/folders/cq/pxj2xz5x0jq8c37z458xcfmw0000gn/T/tmp6queix15.png"}
{"ts": "2026-02-28T19:19:27", "level": "DEBUG", "module": "visual_memory.engine.text_recognition.paddle_recognizer", "event": "paddle_predict_result", "results_type": "list", "results_length": 1, "results_is_none": false}
{"ts": "2026-02-28T19:19:27", "level": "DEBUG", "module": "visual_memory.engine.text_recognition.paddle_recognizer", "event": "paddle_result_structure", "result_index": 0, "result_type": "PaddleOCRVLResult", "has_print_method": true, "has_save_to_json": true}
{"ts": "2026-02-28T19:19:27", "level": "DEBUG", "module": "visual_memory.engine.text_recognition.paddle_recognizer", "event": "paddle_json_export", "result_index": 0, "json_keys": ["input_path", "page_index", "page_count", "width", "height", "model_settings", "parsing_res_list", "layout_det_res"]}
{"ts": "2026-02-28T19:19:27", "level": "DEBUG", "module": "visual_memory.engine.text_recognition.paddle_recognizer", "event": "paddle_extraction_complete", "segments_count": 0, "segments_sample": []}
{"ts": "2026-02-28T19:19:27", "level": "INFO", "module": "visual_memory.engine.text_recognition.paddle_recognizer", "event": "text_recognition", "engine": "paddle", "status": "no_segments", "text_length": 0, "segment_count": 0, "avg_confidence": 0.0}
{"ts": "2026-02-28T19:20:06", "level": "DEBUG", "module": "visual_memory.engine.text_recognition.paddle_recognizer", "event": "paddle_recognize_start", "image_size": [1741, 1419], "temp_file": "/var/folders/cq/pxj2xz5x0jq8c37z458xcfmw0000gn/T/tmphmngrsf0.png"}
{"ts": "2026-02-28T21:21:13", "level": "INFO", "module": "visual_memory.engine.text_recognition.paddle_recognizer", "event": "paddle_init", "status": "ready"}
{"ts": "2026-02-28T21:32:24", "level": "INFO", "module": "visual_memory.engine.text_recognition.paddle_recognizer", "event": "text_recognition", "engine": "paddle", "status": "no_segments", "segment_count": 0, "text_length": 0}
{"ts": "2026-02-28T21:32:24", "level": "INFO", "module": "visual_memory.pipelines.remember_mode.pipeline", "event": "remember_ocr", "label": "small rectangular wallet", "ocr_text_length": 0, "ocr_confidence": 0.0, "has_text_embedding": false}
{"ts": "2026-02-28T21:34:24", "level": "INFO", "module": "visual_memory.engine.text_recognition.paddle_recognizer", "event": "paddle_init", "status": "ready"}
{"ts": "2026-02-28T21:37:41", "level": "INFO", "module": "visual_memory.engine.text_recognition.paddle_recognizer", "event": "text_recognition", "engine": "paddle", "status": "no_segments", "segment_count": 0, "text_length": 0}
{"ts": "2026-02-28T21:38:50", "level": "INFO", "module": "visual_memory.engine.text_recognition.paddle_recognizer", "event": "text_recognition", "engine": "paddle", "status": "success", "segment_count": 1, "text_length": 355}
{"ts": "2026-02-28T21:39:18", "level": "INFO", "module": "visual_memory.engine.embedding.embed_text", "event": "text_embedding", "text_length": 355, "embedding_shape": [1, 384]}
{"ts": "2026-02-28T21:40:23", "level": "INFO", "module": "visual_memory.engine.text_recognition.paddle_recognizer", "event": "text_recognition", "engine": "paddle", "status": "success", "segment_count": 1, "text_length": 146}
{"ts": "2026-02-28T21:41:03", "level": "INFO", "module": "visual_memory.engine.embedding.embed_text", "event": "text_embedding", "text_length": 146, "embedding_shape": [1, 384]}
{"ts": "2026-02-28T21:41:29", "level": "INFO", "module": "visual_memory.engine.text_recognition.paddle_recognizer", "event": "text_recognition", "engine": "paddle", "status": "no_segments", "segment_count": 0, "text_length": 0}
{"ts": "2026-02-28T21:49:08", "level": "INFO", "module": "visual_memory.engine.text_recognition.paddle_recognizer", "event": "text_recognition", "engine": "paddle", "status": "success", "segment_count": 1, "text_length": 10}
{"ts": "2026-02-28T21:49:50", "level": "INFO", "module": "visual_memory.engine.embedding.embed_text", "event": "text_embedding", "text_length": 10, "embedding_shape": [1, 384]}
{"ts": "2026-02-28T21:50:32", "level": "INFO", "module": "visual_memory.engine.text_recognition.paddle_recognizer", "event": "text_recognition", "engine": "paddle", "status": "success", "segment_count": 1, "text_length": 118}
{"ts": "2026-02-28T21:51:01", "level": "INFO", "module": "visual_memory.engine.embedding.embed_text", "event": "text_embedding", "text_length": 118, "embedding_shape": [1, 384]}
{"ts": "2026-02-28T21:51:28", "level": "INFO", "module": "visual_memory.engine.text_recognition.paddle_recognizer", "event": "text_recognition", "engine": "paddle", "status": "no_segments", "segment_count": 0, "text_length": 0}
{"ts": "2026-02-28T22:49:52", "level": "INFO", "module": "visual_memory.engine.text_recognition.paddle_recognizer", "event": "text_recognition", "engine": "paddle", "status": "success", "segment_count": 1, "text_length": 68}
{"ts": "2026-02-28T22:50:26", "level": "INFO", "module": "visual_memory.engine.embedding.embed_text", "event": "text_embedding", "text_length": 68, "embedding_shape": [1, 384]}
{"ts": "2026-02-28T22:50:47", "level": "INFO", "module": "visual_memory.engine.text_recognition.paddle_recognizer", "event": "text_recognition", "engine": "paddle", "status": "no_segments", "segment_count": 0, "text_length": 0}
{"ts": "2026-02-28T23:06:24", "level": "INFO", "module": "visual_memory.engine.text_recognition.paddle_recognizer", "event": "text_recognition", "engine": "paddle", "status": "no_segments", "segment_count": 0, "text_length": 0}
{"ts": "2026-02-28T23:07:04", "level": "INFO", "module": "visual_memory.engine.text_recognition.paddle_recognizer", "event": "text_recognition", "engine": "paddle", "status": "no_segments", "segment_count": 0, "text_length": 0}
{"ts": "2026-02-28T23:07:05", "level": "INFO", "module": "visual_memory.pipelines.scan_mode.pipeline", "event": "scan_text_match", "label": "test1", "similarity": 0.2788, "ocr_text_length": 0}
{"ts": "2026-02-28T23:07:48", "level": "INFO", "module": "visual_memory.engine.text_recognition.paddle_recognizer", "event": "text_recognition", "engine": "paddle", "status": "no_segments", "segment_count": 0, "text_length": 0}
{"ts": "2026-02-28T23:08:29", "level": "INFO", "module": "visual_memory.engine.text_recognition.paddle_recognizer", "event": "text_recognition", "engine": "paddle", "status": "no_segments", "segment_count": 0, "text_length": 0}
{"ts": "2026-02-28T23:09:11", "level": "INFO", "module": "visual_memory.engine.text_recognition.paddle_recognizer", "event": "text_recognition", "engine": "paddle", "status": "no_segments", "segment_count": 0, "text_length": 0}
{"ts": "2026-02-28T23:27:09", "level": "INFO", "module": "visual_memory.engine.text_recognition.paddle_recognizer", "event": "text_recognition", "engine": "paddle", "status": "no_segments", "segment_count": 0, "text_length": 0}
{"ts": "2026-02-28T23:27:53", "level": "INFO", "module": "visual_memory.engine.text_recognition.paddle_recognizer", "event": "text_recognition", "engine": "paddle", "status": "no_segments", "segment_count": 0, "text_length": 0}
{"ts": "2026-02-28T23:28:37", "level": "INFO", "module": "visual_memory.engine.text_recognition.paddle_recognizer", "event": "text_recognition", "engine": "paddle", "status": "no_segments", "segment_count": 0, "text_length": 0}
{"ts": "2026-02-28T23:29:17", "level": "INFO", "module": "visual_memory.engine.text_recognition.paddle_recognizer", "event": "text_recognition", "engine": "paddle", "status": "no_segments", "segment_count": 0, "text_length": 0}
{"ts": "2026-03-01T00:33:55", "level": "INFO", "module": "visual_memory.engine.text_recognition.paddle_recognizer", "event": "paddle_init", "status": "ready"}
{"ts": "2026-03-01T00:36:18", "level": "INFO", "module": "visual_memory.engine.text_recognition.paddle_recognizer", "event": "text_recognition", "engine": "paddle", "status": "success", "segment_count": 1, "text_length": 141}
{"ts": "2026-03-01T00:36:31", "level": "INFO", "module": "visual_memory.engine.embedding.embed_text", "event": "text_embedding", "text_length": 141, "embedding_shape": [1, 384]}
